<?xml version="1.0" encoding="UTF-8"?>
<TestRun id="95fcf132-3b58-4498-a7a0-2226aad32b65" name="cajandm@VMANNMBPS1 2013-11-20 13:44:08" runUser="PRD\cajandm" xmlns="http://microsoft.com/schemas/VisualStudio/TeamTest/2006">
  <TestRunConfiguration name="Local Test Run" id="9938835e-c373-49d2-b181-b871fef7d88c">
    <Description>This is a default test run configuration for a local test run.</Description>
    <Deployment runDeploymentRoot="C:\Projects\C#\BTSS V3\TestResults\cajandm_VMANNMBPS1 2013-11-20 13_44_08">
      <DeploymentItem filename="C:\Projects\C#\BTSS V3\BTSS.Logic\bin\Debug\BTSS.Logic.dll" />
      <DeploymentItem filename="C:\Projects\C#\BTSS V3\BTSS.Common\bin\Debug\BTSS.Common.dll" />
      <DeploymentItem filename="C:\Projects\C#\BTSS V3\BTSS.Data\bin\Debug\BTSS.Data.dll" />
    </Deployment>
    <TestTypeSpecific />
  </TestRunConfiguration>
  <ResultSummary outcome="Inconclusive">
    <Counters total="1" executed="1" error="0" failed="0" timeout="0" aborted="0" inconclusive="1" passedButRunAborted="0" notRunnable="0" notExecuted="0" disconnected="0" warning="0" passed="0" completed="0" inProgress="0" pending="0" />
  </ResultSummary>
  <Times creation="2013-11-20T13:44:08.9985477-05:00" queuing="2013-11-20T13:44:10.6079227-05:00" start="2013-11-20T13:44:10.9360477-05:00" finish="2013-11-20T13:44:12.1235477-05:00" />
  <TestDefinitions>
    <UnitTest name="TagTest" storage="c:\projects\c#\btss v3\testproject1\bin\debug\testproject1.dll" id="9861cf8c-84a0-f53c-b5c0-7bd4e088f581">
      <Css projectStructure="" iteration="" />
      <Owners>
        <Owner name="" />
      </Owners>
      <Execution id="1a6ef088-52aa-4533-b99a-ad71f2709d93" />
      <TestMethod codeBase="C:\Projects\C#\BTSS V3\TestProject1\bin\Debug\TestProject1.dll" adapterTypeName="Microsoft.VisualStudio.TestTools.TestTypes.Unit.UnitTestAdapter, Microsoft.VisualStudio.QualityTools.Tips.UnitTest.Adapter, Version=9.0.0.0, Culture=neutral, PublicKeyToken=b03f5f7f11d50a3a" className="TestProject1.IPreferencesTest, TestProject1" name="TagTest" />
    </UnitTest>
  </TestDefinitions>
  <TestLists>
    <TestList name="Results Not in a List" id="8c84fa94-04c1-424b-9868-57a2d4851a1d" />
    <TestList name="All Loaded Results" id="19431567-8539-422a-85d7-44ee4e166bda" />
  </TestLists>
  <TestEntries>
    <TestEntry testId="9861cf8c-84a0-f53c-b5c0-7bd4e088f581" executionId="1a6ef088-52aa-4533-b99a-ad71f2709d93" testListId="8c84fa94-04c1-424b-9868-57a2d4851a1d" />
  </TestEntries>
  <Results>
    <UnitTestResult executionId="1a6ef088-52aa-4533-b99a-ad71f2709d93" testId="9861cf8c-84a0-f53c-b5c0-7bd4e088f581" testName="TagTest" computerName="VMANNMBPS1" duration="00:00:00.0973908" startTime="2013-11-20T13:44:11.0610477-05:00" endTime="2013-11-20T13:44:11.9204227-05:00" testType="13cdc9d9-ddb5-4fa4-a97d-d965ccfc6d4b" outcome="Inconclusive" testListId="8c84fa94-04c1-424b-9868-57a2d4851a1d">
      <Output>
        <ErrorInfo>
          <Message>Assert.Inconclusive failed. Verify the correctness of this test method.</Message>
          <StackTrace>   at TestProject1.IPreferencesTest.TagTest() in C:\Projects\C#\BTSS V3\TestProject1\IPreferencesTest.cs:line 94
</StackTrace>
        </ErrorInfo>
      </Output>
    </UnitTestResult>
  </Results>
</TestRun>