<?xml version="1.0" encoding="UTF-8"?>
<TestRun id="4e9971c8-f2be-45cc-a1d8-f0874a6aaa4e" name="cajandm@VMANNMBPS1 2013-11-20 12:38:01" runUser="PRD\cajandm" xmlns="http://microsoft.com/schemas/VisualStudio/TeamTest/2006">
  <TestRunConfiguration name="Local Test Run" id="9938835e-c373-49d2-b181-b871fef7d88c">
    <Description>This is a default test run configuration for a local test run.</Description>
    <Deployment runDeploymentRoot="C:\Projects\C#\BTSS V3\TestResults\cajandm_VMANNMBPS1 2013-11-20 12_38_01">
      <DeploymentItem filename="C:\Projects\C#\BTSS V3\BTSS.Logic\bin\Debug\BTSS.Logic.dll" />
      <DeploymentItem filename="C:\Projects\C#\BTSS V3\BTSS.Common\bin\Debug\BTSS.Common.dll" />
      <DeploymentItem filename="C:\Projects\C#\BTSS V3\BTSS.Data\bin\Debug\BTSS.Data.dll" />
    </Deployment>
    <TestTypeSpecific />
  </TestRunConfiguration>
  <ResultSummary outcome="Failed">
    <Counters total="1" executed="1" error="0" failed="1" timeout="0" aborted="0" inconclusive="0" passedButRunAborted="0" notRunnable="0" notExecuted="0" disconnected="0" warning="0" passed="0" completed="0" inProgress="0" pending="0" />
  </ResultSummary>
  <Times creation="2013-11-20T12:38:01.5687277-05:00" queuing="2013-11-20T12:38:02.1937277-05:00" start="2013-11-20T12:38:02.3656027-05:00" finish="2013-11-20T12:38:03.3031027-05:00" />
  <TestDefinitions>
    <UnitTest name="GetValueTest" storage="c:\projects\c#\btss v3\testproject1\bin\debug\testproject1.dll" id="88c5eb79-581e-aa73-ca08-c033a78676a8">
      <Css projectStructure="" iteration="" />
      <Owners>
        <Owner name="" />
      </Owners>
      <Execution id="c59bddd1-42d2-4e29-888d-a671fc3b599b" />
      <TestMethod codeBase="C:\Projects\C#\BTSS V3\TestProject1\bin\Debug\TestProject1.dll" adapterTypeName="Microsoft.VisualStudio.TestTools.TestTypes.Unit.UnitTestAdapter, Microsoft.VisualStudio.QualityTools.Tips.UnitTest.Adapter, Version=9.0.0.0, Culture=neutral, PublicKeyToken=b03f5f7f11d50a3a" className="TestProject1.IPreferencesTest, TestProject1" name="GetValueTest" />
    </UnitTest>
  </TestDefinitions>
  <TestLists>
    <TestList name="Results Not in a List" id="8c84fa94-04c1-424b-9868-57a2d4851a1d" />
    <TestList name="All Loaded Results" id="19431567-8539-422a-85d7-44ee4e166bda" />
  </TestLists>
  <TestEntries>
    <TestEntry testId="88c5eb79-581e-aa73-ca08-c033a78676a8" executionId="c59bddd1-42d2-4e29-888d-a671fc3b599b" testListId="8c84fa94-04c1-424b-9868-57a2d4851a1d" />
  </TestEntries>
  <Results>
    <UnitTestResult executionId="c59bddd1-42d2-4e29-888d-a671fc3b599b" testId="88c5eb79-581e-aa73-ca08-c033a78676a8" testName="GetValueTest" computerName="VMANNMBPS1" duration="00:00:00.1020434" startTime="2013-11-20T12:38:02.4281027-05:00" endTime="2013-11-20T12:38:03.1468527-05:00" testType="13cdc9d9-ddb5-4fa4-a97d-d965ccfc6d4b" outcome="Failed" testListId="8c84fa94-04c1-424b-9868-57a2d4851a1d">
      <Output>
        <ErrorInfo>
          <Message>Test method TestProject1.IPreferencesTest.GetValueTest threw exception:  System.NullReferenceException: Object reference not set to an instance of an object..</Message>
          <StackTrace>    at TestProject1.IPreferencesTest.GetValueTest() in C:\Projects\C#\BTSS V3\TestProject1\IPreferencesTest.cs:line 155
</StackTrace>
        </ErrorInfo>
      </Output>
    </UnitTestResult>
  </Results>
</TestRun>