<?xml version="1.0" encoding="UTF-8"?>
<TestRun id="d26cc279-67fc-4a08-8a10-fbdcebed6cc2" name="cajandm@VMANNMBPS1 2013-12-04 12:42:05" runUser="PRD\cajandm" xmlns="http://microsoft.com/schemas/VisualStudio/TeamTest/2006">
  <TestRunConfiguration name="Local Test Run" id="9938835e-c373-49d2-b181-b871fef7d88c">
    <Description>This is a default test run configuration for a local test run.</Description>
    <Deployment runDeploymentRoot="C:\Projects\C#\BTSS V3\TestResults\cajandm_VMANNMBPS1 2013-12-04 12_42_05">
      <DeploymentItem filename="C:\Projects\C#\BTSS V3\BTSS.Logic\bin\Debug\BTSS.Logic.dll" />
      <DeploymentItem filename="C:\Projects\C#\BTSS V3\BTSS.Common\bin\Debug\BTSS.Common.dll" />
      <DeploymentItem filename="C:\Projects\C#\BTSS V3\BTSS.Data\bin\Debug\BTSS.Data.dll" />
    </Deployment>
    <TestTypeSpecific />
  </TestRunConfiguration>
  <ResultSummary outcome="Failed">
    <Counters total="1" executed="1" error="0" failed="1" timeout="0" aborted="0" inconclusive="0" passedButRunAborted="0" notRunnable="0" notExecuted="0" disconnected="0" warning="0" passed="0" completed="0" inProgress="0" pending="0" />
  </ResultSummary>
  <Times creation="2013-12-04T12:42:05.0930877-05:00" queuing="2013-12-04T12:42:05.6868377-05:00" start="2013-12-04T12:42:05.8587127-05:00" finish="2013-12-04T12:42:07.0149627-05:00" />
  <TestDefinitions>
    <UnitTest name="IsExistTest" storage="c:\projects\c#\btss v3\testproject1\bin\debug\testproject1.dll" id="6e845e08-b086-6aae-7208-8d0f29e6ad16">
      <Css projectStructure="" iteration="" />
      <Owners>
        <Owner name="" />
      </Owners>
      <Execution id="9ee812c9-ba39-4520-8db6-5be9701cef57" />
      <TestMethod codeBase="C:\Projects\C#\BTSS V3\TestProject1\bin\Debug\TestProject1.dll" adapterTypeName="Microsoft.VisualStudio.TestTools.TestTypes.Unit.UnitTestAdapter, Microsoft.VisualStudio.QualityTools.Tips.UnitTest.Adapter, Version=9.0.0.0, Culture=neutral, PublicKeyToken=b03f5f7f11d50a3a" className="TestProject1.UserTest, TestProject1" name="IsExistTest" />
    </UnitTest>
  </TestDefinitions>
  <TestLists>
    <TestList name="Results Not in a List" id="8c84fa94-04c1-424b-9868-57a2d4851a1d" />
    <TestList name="All Loaded Results" id="19431567-8539-422a-85d7-44ee4e166bda" />
  </TestLists>
  <TestEntries>
    <TestEntry testId="6e845e08-b086-6aae-7208-8d0f29e6ad16" executionId="9ee812c9-ba39-4520-8db6-5be9701cef57" testListId="8c84fa94-04c1-424b-9868-57a2d4851a1d" />
  </TestEntries>
  <Results>
    <UnitTestResult executionId="9ee812c9-ba39-4520-8db6-5be9701cef57" testId="6e845e08-b086-6aae-7208-8d0f29e6ad16" testName="IsExistTest" computerName="VMANNMBPS1" duration="00:00:00.4447794" startTime="2013-12-04T12:42:05.9524627-05:00" endTime="2013-12-04T12:42:06.8743377-05:00" testType="13cdc9d9-ddb5-4fa4-a97d-d965ccfc6d4b" outcome="Failed" testListId="8c84fa94-04c1-424b-9868-57a2d4851a1d">
      <Output>
        <ErrorInfo>
          <Message>Assert.AreEqual failed. Expected:&lt;True&gt;. Actual:&lt;False&gt;. </Message>
          <StackTrace>   at TestProject1.UserTest.IsExistTest() in C:\Projects\C#\BTSS V3\TestProject1\UserTest.cs:line 79
</StackTrace>
        </ErrorInfo>
      </Output>
    </UnitTestResult>
  </Results>
</TestRun>