<?xml version="1.0" encoding="UTF-8"?>
<TestRun id="39951972-6c17-4495-a230-1c7ab42028cd" name="cajandm@VMANNMBPS1 2013-12-04 12:45:24" runUser="PRD\cajandm" xmlns="http://microsoft.com/schemas/VisualStudio/TeamTest/2006">
  <TestRunConfiguration name="Local Test Run" id="9938835e-c373-49d2-b181-b871fef7d88c">
    <Description>This is a default test run configuration for a local test run.</Description>
    <Deployment runDeploymentRoot="C:\Projects\C#\BTSS V3\TestResults\cajandm_VMANNMBPS1 2013-12-04 12_45_24">
      <DeploymentItem filename="C:\Projects\C#\BTSS V3\BTSS.Logic\bin\Debug\BTSS.Logic.dll" />
      <DeploymentItem filename="C:\Projects\C#\BTSS V3\BTSS.Common\bin\Debug\BTSS.Common.dll" />
      <DeploymentItem filename="C:\Projects\C#\BTSS V3\BTSS.Data\bin\Debug\BTSS.Data.dll" />
    </Deployment>
    <TestTypeSpecific />
  </TestRunConfiguration>
  <ResultSummary outcome="Completed">
    <Counters total="1" executed="1" passed="1" error="0" failed="0" timeout="0" aborted="0" inconclusive="0" passedButRunAborted="0" notRunnable="0" notExecuted="0" disconnected="0" warning="0" completed="0" inProgress="0" pending="0" />
  </ResultSummary>
  <Times creation="2013-12-04T12:45:24.1087127-05:00" queuing="2013-12-04T12:45:24.7180877-05:00" start="2013-12-04T12:45:24.8430877-05:00" finish="2013-12-04T12:45:25.7649627-05:00" />
  <TestDefinitions>
    <UnitTest name="IsExistTest" storage="c:\projects\c#\btss v3\testproject1\bin\debug\testproject1.dll" id="6e845e08-b086-6aae-7208-8d0f29e6ad16">
      <Css projectStructure="" iteration="" />
      <Owners>
        <Owner name="" />
      </Owners>
      <Execution id="6a22cbf7-99a5-4945-88be-d7445dce1163" />
      <TestMethod codeBase="C:\Projects\C#\BTSS V3\TestProject1\bin\Debug\TestProject1.dll" adapterTypeName="Microsoft.VisualStudio.TestTools.TestTypes.Unit.UnitTestAdapter, Microsoft.VisualStudio.QualityTools.Tips.UnitTest.Adapter, Version=9.0.0.0, Culture=neutral, PublicKeyToken=b03f5f7f11d50a3a" className="TestProject1.UserTest, TestProject1" name="IsExistTest" />
    </UnitTest>
  </TestDefinitions>
  <TestLists>
    <TestList name="Results Not in a List" id="8c84fa94-04c1-424b-9868-57a2d4851a1d" />
    <TestList name="All Loaded Results" id="19431567-8539-422a-85d7-44ee4e166bda" />
  </TestLists>
  <TestEntries>
    <TestEntry testId="6e845e08-b086-6aae-7208-8d0f29e6ad16" executionId="6a22cbf7-99a5-4945-88be-d7445dce1163" testListId="8c84fa94-04c1-424b-9868-57a2d4851a1d" />
  </TestEntries>
  <Results>
    <UnitTestResult executionId="6a22cbf7-99a5-4945-88be-d7445dce1163" testId="6e845e08-b086-6aae-7208-8d0f29e6ad16" testName="IsExistTest" computerName="VMANNMBPS1" duration="00:00:00.1001275" startTime="2013-12-04T12:45:24.9993377-05:00" endTime="2013-12-04T12:45:25.6399627-05:00" testType="13cdc9d9-ddb5-4fa4-a97d-d965ccfc6d4b" outcome="Passed" testListId="8c84fa94-04c1-424b-9868-57a2d4851a1d">
      <Output>
      </Output>
    </UnitTestResult>
  </Results>
</TestRun>